2018-06-12 13:50:47.541  INFO 11872 --- [restartedMain] ationConfigEmbeddedWebApplicationContext : Refreshing org.springframework.boot.context.embedded.AnnotationConfigEmbeddedWebApplicationContext@6bace959: startup date [Tue Jun 12 13:50:47 EDT 2018]; root of context hierarchy
2018-06-12 13:50:49.384  INFO 11872 --- [restartedMain] trationDelegate$BeanPostProcessorChecker : Bean 'org.springframework.security.config.annotation.configuration.ObjectPostProcessorConfiguration' of type [org.springframework.security.config.annotation.configuration.ObjectPostProcessorConfiguration$$EnhancerBySpringCGLIB$$7d5f3261] is not eligible for getting processed by all BeanPostProcessors (for example: not eligible for auto-proxying)
2018-06-12 13:50:49.452  INFO 11872 --- [restartedMain] trationDelegate$BeanPostProcessorChecker : Bean 'objectPostProcessor' of type [org.springframework.security.config.annotation.configuration.AutowireBeanFactoryObjectPostProcessor] is not eligible for getting processed by all BeanPostProcessors (for example: not eligible for auto-proxying)
2018-06-12 13:50:49.457  INFO 11872 --- [restartedMain] trationDelegate$BeanPostProcessorChecker : Bean 'org.springframework.security.access.expression.method.DefaultMethodSecurityExpressionHandler@555501ec' of type [org.springframework.security.access.expression.method.DefaultMethodSecurityExpressionHandler] is not eligible for getting processed by all BeanPostProcessors (for example: not eligible for auto-proxying)
2018-06-12 13:50:49.472  INFO 11872 --- [restartedMain] trationDelegate$BeanPostProcessorChecker : Bean 'org.springframework.security.config.annotation.method.configuration.GlobalMethodSecurityConfiguration' of type [org.springframework.security.config.annotation.method.configuration.GlobalMethodSecurityConfiguration$$EnhancerBySpringCGLIB$$a233d513] is not eligible for getting processed by all BeanPostProcessors (for example: not eligible for auto-proxying)
2018-06-12 13:50:49.486  INFO 11872 --- [restartedMain] trationDelegate$BeanPostProcessorChecker : Bean 'methodSecurityMetadataSource' of type [org.springframework.security.access.method.DelegatingMethodSecurityMetadataSource] is not eligible for getting processed by all BeanPostProcessors (for example: not eligible for auto-proxying)
2018-06-12 13:50:49.501  INFO 11872 --- [restartedMain] trationDelegate$BeanPostProcessorChecker : Bean 'org.springframework.transaction.annotation.ProxyTransactionManagementConfiguration' of type [org.springframework.transaction.annotation.ProxyTransactionManagementConfiguration$$EnhancerBySpringCGLIB$$e4b16a27] is not eligible for getting processed by all BeanPostProcessors (for example: not eligible for auto-proxying)
2018-06-12 13:50:49.918  INFO 11872 --- [restartedMain] org.xnio                                 : XNIO version 3.3.8.Final
2018-06-12 13:50:49.930  INFO 11872 --- [restartedMain] org.xnio.nio                             : XNIO NIO Implementation Version 3.3.8.Final
2018-06-12 13:50:49.958  WARN 11872 --- [restartedMain] io.undertow.websockets.jsr               : UT026009: XNIO worker was not set on WebSocketDeploymentInfo, the default worker will be used
2018-06-12 13:50:49.959  WARN 11872 --- [restartedMain] io.undertow.websockets.jsr               : UT026010: Buffer pool was not set on WebSocketDeploymentInfo, the default pool will be used
2018-06-12 13:50:49.982  INFO 11872 --- [restartedMain] io.undertow.servlet                      : Initializing Spring embedded WebApplicationContext
2018-06-12 13:50:49.982  INFO 11872 --- [restartedMain] o.s.web.context.ContextLoader            : Root WebApplicationContext: initialization completed in 2444 ms
2018-06-12 13:50:50.312  INFO 11872 --- [restartedMain] o.s.b.w.servlet.FilterRegistrationBean   : Mapping filter: 'metricsFilter' to: [/*]
2018-06-12 13:50:50.313  INFO 11872 --- [restartedMain] o.s.b.w.servlet.FilterRegistrationBean   : Mapping filter: 'characterEncodingFilter' to: [/*]
2018-06-12 13:50:50.314  INFO 11872 --- [restartedMain] o.s.b.w.servlet.FilterRegistrationBean   : Mapping filter: 'hiddenHttpMethodFilter' to: [/*]
2018-06-12 13:50:50.314  INFO 11872 --- [restartedMain] o.s.b.w.servlet.FilterRegistrationBean   : Mapping filter: 'httpPutFormContentFilter' to: [/*]
2018-06-12 13:50:50.314  INFO 11872 --- [restartedMain] o.s.b.w.servlet.FilterRegistrationBean   : Mapping filter: 'requestContextFilter' to: [/*]
2018-06-12 13:50:50.315  INFO 11872 --- [restartedMain] .s.DelegatingFilterProxyRegistrationBean : Mapping filter: 'springSecurityFilterChain' to: [/*]
2018-06-12 13:50:50.316  INFO 11872 --- [restartedMain] o.s.b.w.servlet.FilterRegistrationBean   : Mapping filter: 'webRequestLoggingFilter' to: [/*]
2018-06-12 13:50:50.316  INFO 11872 --- [restartedMain] o.s.b.w.servlet.FilterRegistrationBean   : Mapping filter: 'applicationContextIdFilter' to: [/*]
2018-06-12 13:50:50.316  INFO 11872 --- [restartedMain] o.s.b.w.servlet.ServletRegistrationBean  : Mapping servlet: 'dispatcherServlet' to [/]
2018-06-12 13:50:50.318  INFO 11872 --- [restartedMain] o.s.b.w.servlet.ServletRegistrationBean  : Mapping servlet: 'webServlet' to [/h2-console/*]
2018-06-12 13:50:50.515  INFO 11872 --- [restartedMain] j.LocalContainerEntityManagerFactoryBean : Building JPA container EntityManagerFactory for persistence unit 'default'
2018-06-12 13:50:50.529  INFO 11872 --- [restartedMain] o.hibernate.jpa.internal.util.LogHelper  : HHH000204: Processing PersistenceUnitInfo [
	name: default
	...]
2018-06-12 13:50:50.599  INFO 11872 --- [restartedMain] org.hibernate.Version                    : HHH000412: Hibernate Core {5.0.12.Final}
2018-06-12 13:50:50.600  INFO 11872 --- [restartedMain] org.hibernate.cfg.Environment            : HHH000206: hibernate.properties not found
2018-06-12 13:50:50.601  INFO 11872 --- [restartedMain] org.hibernate.cfg.Environment            : HHH000021: Bytecode provider name : javassist
2018-06-12 13:50:50.643  INFO 11872 --- [restartedMain] o.hibernate.annotations.common.Version   : HCANN000001: Hibernate Commons Annotations {5.0.1.Final}
2018-06-12 13:50:50.834  INFO 11872 --- [restartedMain] com.zaxxer.hikari.HikariDataSource       : HikariPool-1 - Starting...
2018-06-12 13:50:51.786  INFO 11872 --- [restartedMain] com.zaxxer.hikari.HikariDataSource       : HikariPool-1 - Start completed.
2018-06-12 13:50:51.808  INFO 11872 --- [restartedMain] org.hibernate.dialect.Dialect            : HHH000400: Using dialect: org.hibernate.dialect.MySQL5InnoDBDialect
2018-06-12 13:50:52.115  WARN 11872 --- [restartedMain] o.h.b.i.SessionFactoryBuilderImpl        : Unrecognized hbm2ddl_auto value : none.  Supported values include create, create-drop, update, and validate.  Ignoring
2018-06-12 13:50:52.335  INFO 11872 --- [restartedMain] o.h.tuple.entity.EntityMetamodel         : HHH000157: Lazy property fetching available for: com.pfchoice.springboot.model.ZipCode
2018-06-12 13:50:52.429  INFO 11872 --- [restartedMain] o.h.tuple.entity.EntityMetamodel         : HHH000157: Lazy property fetching available for: com.pfchoice.springboot.model.State
2018-06-12 13:50:52.660  INFO 11872 --- [restartedMain] j.LocalContainerEntityManagerFactoryBean : Initialized JPA EntityManagerFactory for persistence unit 'default'
2018-06-12 13:50:52.694  WARN 11872 --- [restartedMain] figurationPropertiesBindingPostProcessor : The @ConfigurationProperties bean class com.pfchoice.springboot.configuration.ConfigProperties contains validation constraints but had not been annotated with @Validated.
2018-06-12 13:50:52.694  WARN 11872 --- [restartedMain] figurationPropertiesBindingPostProcessor : The @ConfigurationProperties bean class com.pfchoice.springboot.configuration.ConfigProperties contains validation constraints but had not been annotated with @Validated.
2018-06-12 13:50:52.695  WARN 11872 --- [restartedMain] figurationPropertiesBindingPostProcessor : The @ConfigurationProperties bean class com.pfchoice.springboot.configuration.ConfigProperties contains validation constraints but had not been annotated with @Validated.
2018-06-12 13:50:54.098  INFO 11872 --- [restartedMain] o.s.w.s.v.f.FreeMarkerConfigurer         : ClassTemplateLoader for Spring macros added to FreeMarker configuration
2018-06-12 13:50:54.751  INFO 11872 --- [restartedMain] o.h.h.i.QueryTranslatorFactoryInitiator  : HHH000397: Using ASTQueryTranslatorFactory
2018-06-12 13:50:55.517  INFO 11872 --- [restartedMain] o.s.s.web.DefaultSecurityFilterChain     : Creating filter chain: Ant [pattern='/resources/**'], []
2018-06-12 13:50:55.517  INFO 11872 --- [restartedMain] o.s.s.web.DefaultSecurityFilterChain     : Creating filter chain: Ant [pattern='/'], []
2018-06-12 13:50:55.618  INFO 11872 --- [restartedMain] o.s.s.web.DefaultSecurityFilterChain     : Creating filter chain: org.springframework.security.web.util.matcher.AnyRequestMatcher@1, [org.springframework.security.web.context.request.async.WebAsyncManagerIntegrationFilter@75b23961, org.springframework.security.web.context.SecurityContextPersistenceFilter@58663e9e, org.springframework.security.web.header.HeaderWriterFilter@488f65e0, org.springframework.security.web.authentication.logout.LogoutFilter@61a0c1de, org.springframework.security.web.authentication.UsernamePasswordAuthenticationFilter@4bb3b0c0, org.springframework.security.web.session.ConcurrentSessionFilter@15bcc0dd, org.springframework.security.web.savedrequest.RequestCacheAwareFilter@125f003a, org.springframework.security.web.servletapi.SecurityContextHolderAwareRequestFilter@34801ba1, org.springframework.security.web.authentication.AnonymousAuthenticationFilter@110c2032, org.springframework.security.web.session.SessionManagementFilter@52baee29, org.springframework.security.web.access.ExceptionTranslationFilter@661aaa99, org.springframework.security.web.access.intercept.FilterSecurityInterceptor@2fda4bb8]
2018-06-12 13:50:55.642  INFO 11872 --- [restartedMain] o.s.s.web.DefaultSecurityFilterChain     : Creating filter chain: Ant [pattern='/h2-console/**'], [org.springframework.security.web.context.request.async.WebAsyncManagerIntegrationFilter@4e1adb32, org.springframework.security.web.context.SecurityContextPersistenceFilter@322597a4, org.springframework.security.web.header.HeaderWriterFilter@7914bd9a, org.springframework.security.web.authentication.logout.LogoutFilter@eeda98e, org.springframework.security.web.authentication.www.BasicAuthenticationFilter@71d2dd9, org.springframework.security.web.savedrequest.RequestCacheAwareFilter@273acdf6, org.springframework.security.web.servletapi.SecurityContextHolderAwareRequestFilter@7b1e5ce6, org.springframework.security.web.authentication.AnonymousAuthenticationFilter@7adc3075, org.springframework.security.web.session.SessionManagementFilter@3ee495e6, org.springframework.security.web.access.ExceptionTranslationFilter@57b85640, org.springframework.security.web.access.intercept.FilterSecurityInterceptor@78b94677]
2018-06-12 13:50:55.722  INFO 11872 --- [restartedMain] s.w.s.m.m.a.RequestMappingHandlerMapping : Mapped "{[/api/getloginInfo],methods=[GET]}" onto public com.pfchoice.springboot.model.LoginForm com.pfchoice.springboot.controller.AppController.getUserInfo(javax.servlet.http.HttpSession)
2018-06-12 13:50:55.723  INFO 11872 --- [restartedMain] s.w.s.m.m.a.RequestMappingHandlerMapping : Mapped "{[/home]}" onto java.lang.String com.pfchoice.springboot.controller.AppController.home(javax.servlet.http.HttpSession,org.springframework.ui.ModelMap,java.lang.String)
2018-06-12 13:50:55.723  INFO 11872 --- [restartedMain] s.w.s.m.m.a.RequestMappingHandlerMapping : Mapped "{[/partials/{page}]}" onto java.lang.String com.pfchoice.springboot.controller.AppController.partialHandler(org.springframework.ui.ModelMap,java.lang.String,java.lang.String,java.lang.String)
2018-06-12 13:50:55.724  INFO 11872 --- [restartedMain] s.w.s.m.m.a.RequestMappingHandlerMapping : Mapped "{[/logout],methods=[GET]}" onto public java.lang.String com.pfchoice.springboot.controller.AppController.logoutPage(javax.servlet.http.HttpServletRequest,javax.servlet.http.HttpServletResponse)
2018-06-12 13:50:55.724  INFO 11872 --- [restartedMain] s.w.s.m.m.a.RequestMappingHandlerMapping : Mapped "{[/ || /login]}" onto java.lang.String com.pfchoice.springboot.controller.AppController.login(org.springframework.ui.ModelMap)
2018-06-12 13:50:55.724  INFO 11872 --- [restartedMain] s.w.s.m.m.a.RequestMappingHandlerMapping : Mapped "{[/accessDenied],methods=[GET]}" onto public java.lang.String com.pfchoice.springboot.controller.AppController.accesssDenied()
2018-06-12 13:50:55.727  INFO 11872 --- [restartedMain] s.w.s.m.m.a.RequestMappingHandlerMapping : Mapped "{[/api/bestTimeToCall/],methods=[DELETE]}" onto public org.springframework.http.ResponseEntity<com.pfchoice.springboot.model.BestTimeToCall> com.pfchoice.springboot.controller.BestTimeToCallController.deleteAllBestTimeToCalls()
2018-06-12 13:50:55.728  INFO 11872 --- [restartedMain] s.w.s.m.m.a.RequestMappingHandlerMapping : Mapped "{[/api/bestTimeToCall/{id}],methods=[GET]}" onto public org.springframework.http.ResponseEntity<?> com.pfchoice.springboot.controller.BestTimeToCallController.getBestTimeToCall(short)
2018-06-12 13:50:55.728  INFO 11872 --- [restartedMain] s.w.s.m.m.a.RequestMappingHandlerMapping : Mapped "{[/api/bestTimeToCall/{id}],methods=[DELETE]}" onto public org.springframework.http.ResponseEntity<?> com.pfchoice.springboot.controller.BestTimeToCallController.deleteBestTimeToCall(short)
2018-06-12 13:50:55.728  INFO 11872 --- [restartedMain] s.w.s.m.m.a.RequestMappingHandlerMapping : Mapped "{[/api/bestTimeToCall/],methods=[GET]}" onto public org.springframework.http.ResponseEntity<java.util.List<com.pfchoice.springboot.model.BestTimeToCall>> com.pfchoice.springboot.controller.BestTimeToCallController.listAllBestTimeToCalls()
2018-06-12 13:50:55.731  INFO 11872 --- [restartedMain] s.w.s.m.m.a.RequestMappingHandlerMapping : Mapped "{[/api/contact/],methods=[GET]}" onto public org.springframework.http.ResponseEntity<java.util.List<com.pfchoice.springboot.model.Contact>> com.pfchoice.springboot.controller.ContactController.listAllContacts()
2018-06-12 13:50:55.732  INFO 11872 --- [restartedMain] s.w.s.m.m.a.RequestMappingHandlerMapping : Mapped "{[/api/contact/{id}],methods=[GET]}" onto public org.springframework.http.ResponseEntity<?> com.pfchoice.springboot.controller.ContactController.getContact(int)
2018-06-12 13:50:55.732  INFO 11872 --- [restartedMain] s.w.s.m.m.a.RequestMappingHandlerMapping : Mapped "{[/api/contact/],methods=[POST]}" onto public org.springframework.http.ResponseEntity<?> com.pfchoice.springboot.controller.ContactController.createContact(com.pfchoice.springboot.model.Contact,org.springframework.web.util.UriComponentsBuilder)
2018-06-12 13:50:55.732  INFO 11872 --- [restartedMain] s.w.s.m.m.a.RequestMappingHandlerMapping : Mapped "{[/api/contact/{id}],methods=[PUT]}" onto public org.springframework.http.ResponseEntity<?> com.pfchoice.springboot.controller.ContactController.updateContact(int,com.pfchoice.springboot.model.Contact)
2018-06-12 13:50:55.733  INFO 11872 --- [restartedMain] s.w.s.m.m.a.RequestMappingHandlerMapping : Mapped "{[/api/contact/{id}],methods=[DELETE]}" onto public org.springframework.http.ResponseEntity<?> com.pfchoice.springboot.controller.ContactController.deleteContact(int)
2018-06-12 13:50:55.733  INFO 11872 --- [restartedMain] s.w.s.m.m.a.RequestMappingHandlerMapping : Mapped "{[/api/contact/],methods=[DELETE]}" onto public org.springframework.http.ResponseEntity<com.pfchoice.springboot.model.Contact> com.pfchoice.springboot.controller.ContactController.deleteAllContacts()
2018-06-12 13:50:55.736  INFO 11872 --- [restartedMain] s.w.s.m.m.a.RequestMappingHandlerMapping : Mapped "{[/api/county/{id}],methods=[PUT]}" onto public org.springframework.http.ResponseEntity<?> com.pfchoice.springboot.controller.CountyController.updateCounty(int,com.pfchoice.springboot.model.County)
2018-06-12 13:50:55.736  INFO 11872 --- [restartedMain] s.w.s.m.m.a.RequestMappingHandlerMapping : Mapped "{[/api/county/],methods=[POST]}" onto public org.springframework.http.ResponseEntity<?> com.pfchoice.springboot.controller.CountyController.createCounty(com.pfchoice.springboot.model.County,org.springframework.web.util.UriComponentsBuilder,java.lang.String)
2018-06-12 13:50:55.736  INFO 11872 --- [restartedMain] s.w.s.m.m.a.RequestMappingHandlerMapping : Mapped "{[/api/county/],methods=[GET]}" onto public org.springframework.http.ResponseEntity<java.util.List<com.pfchoice.springboot.model.County>> com.pfchoice.springboot.controller.CountyController.listAllCountys()
2018-06-12 13:50:55.737  INFO 11872 --- [restartedMain] s.w.s.m.m.a.RequestMappingHandlerMapping : Mapped "{[/api/county/{id}],methods=[GET]}" onto public org.springframework.http.ResponseEntity<?> com.pfchoice.springboot.controller.CountyController.getCounty(int)
2018-06-12 13:50:55.737  INFO 11872 --- [restartedMain] s.w.s.m.m.a.RequestMappingHandlerMapping : Mapped "{[/api/county/{id}],methods=[DELETE]}" onto public org.springframework.http.ResponseEntity<?> com.pfchoice.springboot.controller.CountyController.deleteCounty(int)
2018-06-12 13:50:55.738  INFO 11872 --- [restartedMain] s.w.s.m.m.a.RequestMappingHandlerMapping : Mapped "{[/api/county/],methods=[DELETE]}" onto public org.springframework.http.ResponseEntity<com.pfchoice.springboot.model.County> com.pfchoice.springboot.controller.CountyController.deleteAllCountys()
2018-06-12 13:50:55.739  INFO 11872 --- [restartedMain] s.w.s.m.m.a.RequestMappingHandlerMapping : Mapped "{[/api/eventAssignment/{id}],methods=[DELETE]}" onto public org.springframework.http.ResponseEntity<?> com.pfchoice.springboot.controller.EventAssignmentController.deleteEventAssignment(int)
2018-06-12 13:50:55.740  INFO 11872 --- [restartedMain] s.w.s.m.m.a.RequestMappingHandlerMapping : Mapped "{[/api/eventAssignment/],methods=[GET]}" onto public org.springframework.http.ResponseEntity<org.springframework.data.domain.Page<com.pfchoice.springboot.model.EventAssignment>> com.pfchoice.springboot.controller.EventAssignmentController.listAllEventAssignments(org.springframework.data.domain.Pageable,java.lang.String,java.lang.Integer,java.lang.String)
2018-06-12 13:50:55.740  INFO 11872 --- [restartedMain] s.w.s.m.m.a.RequestMappingHandlerMapping : Mapped "{[/api/eventAssignment/{id}],methods=[PUT]}" onto public org.springframework.http.ResponseEntity<?> com.pfchoice.springboot.controller.EventAssignmentController.updateEventAssignment(int,com.pfchoice.springboot.model.EventAssignment,java.lang.String)
2018-06-12 13:50:55.741  INFO 11872 --- [restartedMain] s.w.s.m.m.a.RequestMappingHandlerMapping : Mapped "{[/api/eventAssignment/],methods=[POST]}" onto public org.springframework.http.ResponseEntity<?> com.pfchoice.springboot.controller.EventAssignmentController.createEventAssignment(com.pfchoice.springboot.model.EventAssignment,org.springframework.web.util.UriComponentsBuilder,java.lang.Integer,java.lang.String) throws javax.mail.MessagingException,java.io.IOException,java.lang.InterruptedException
2018-06-12 13:50:55.741  INFO 11872 --- [restartedMain] s.w.s.m.m.a.RequestMappingHandlerMapping : Mapped "{[/api/eventAssignment/{id}],methods=[GET]}" onto public org.springframework.http.ResponseEntity<?> com.pfchoice.springboot.controller.EventAssignmentController.getEventAssignment(int)
2018-06-12 13:50:55.741  INFO 11872 --- [restartedMain] s.w.s.m.m.a.RequestMappingHandlerMapping : Mapped "{[/api/eventAssignment/],methods=[DELETE]}" onto public org.springframework.http.ResponseEntity<com.pfchoice.springboot.model.EventAssignment> com.pfchoice.springboot.controller.EventAssignmentController.deleteAllEventAssignments()
2018-06-12 13:50:55.742  INFO 11872 --- [restartedMain] s.w.s.m.m.a.RequestMappingHandlerMapping : Mapped "{[/api/event/{id}],methods=[GET]}" onto public org.springframework.http.ResponseEntity<?> com.pfchoice.springboot.controller.EventController.getEvent(int)
2018-06-12 13:50:55.743  INFO 11872 --- [restartedMain] s.w.s.m.m.a.RequestMappingHandlerMapping : Mapped "{[/api/event/{id}],methods=[DELETE]}" onto public org.springframework.http.ResponseEntity<?> com.pfchoice.springboot.controller.EventController.deleteEvent(int)
2018-06-12 13:50:55.743  INFO 11872 --- [restartedMain] s.w.s.m.m.a.RequestMappingHandlerMapping : Mapped "{[/api/event/],methods=[DELETE]}" onto public org.springframework.http.ResponseEntity<com.pfchoice.springboot.model.Event> com.pfchoice.springboot.controller.EventController.deleteAllEvents()
2018-06-12 13:50:55.744  INFO 11872 --- [restartedMain] s.w.s.m.m.a.RequestMappingHandlerMapping : Mapped "{[/api/event/],methods=[GET]}" onto public org.springframework.http.ResponseEntity<org.springframework.data.domain.Page<com.pfchoice.springboot.model.Event>> com.pfchoice.springboot.controller.EventController.listAllEvents(org.springframework.data.domain.Pageable,java.lang.String,java.lang.Integer,java.lang.String)
2018-06-12 13:50:55.744  INFO 11872 --- [restartedMain] s.w.s.m.m.a.RequestMappingHandlerMapping : Mapped "{[/api/event/],methods=[POST]}" onto public org.springframework.http.ResponseEntity<?> com.pfchoice.springboot.controller.EventController.createEvent(com.pfchoice.springboot.model.Event,org.springframework.web.util.UriComponentsBuilder,java.lang.Integer,java.lang.String) throws javax.mail.MessagingException,java.io.IOException,java.lang.InterruptedException
2018-06-12 13:50:55.744  INFO 11872 --- [restartedMain] s.w.s.m.m.a.RequestMappingHandlerMapping : Mapped "{[/api/event/{id}],methods=[PUT]}" onto public org.springframework.http.ResponseEntity<?> com.pfchoice.springboot.controller.EventController.updateEvent(int,com.pfchoice.springboot.model.Event,java.lang.String)
2018-06-12 13:50:55.745  INFO 11872 --- [restartedMain] s.w.s.m.m.a.RequestMappingHandlerMapping : Mapped "{[/api/eventFrequency/{id}],methods=[GET]}" onto public org.springframework.http.ResponseEntity<?> com.pfchoice.springboot.controller.EventFrequencyController.getEventFrequency(int)
2018-06-12 13:50:55.745  INFO 11872 --- [restartedMain] s.w.s.m.m.a.RequestMappingHandlerMapping : Mapped "{[/api/eventFrequency/],methods=[GET]}" onto public org.springframework.http.ResponseEntity<java.util.List<com.pfchoice.springboot.model.EventFrequency>> com.pfchoice.springboot.controller.EventFrequencyController.listAllEventFrequencys()
2018-06-12 13:50:55.746  INFO 11872 --- [restartedMain] s.w.s.m.m.a.RequestMappingHandlerMapping : Mapped "{[/api/eventFrequency/{id}],methods=[PUT]}" onto public org.springframework.http.ResponseEntity<?> com.pfchoice.springboot.controller.EventFrequencyController.updateEventFrequency(int,com.pfchoice.springboot.model.EventFrequency)
2018-06-12 13:50:55.746  INFO 11872 --- [restartedMain] s.w.s.m.m.a.RequestMappingHandlerMapping : Mapped "{[/api/eventFrequency/],methods=[DELETE]}" onto public org.springframework.http.ResponseEntity<com.pfchoice.springboot.model.EventFrequency> com.pfchoice.springboot.controller.EventFrequencyController.deleteAllEventFrequencys()
2018-06-12 13:50:55.746  INFO 11872 --- [restartedMain] s.w.s.m.m.a.RequestMappingHandlerMapping : Mapped "{[/api/eventFrequency/{id}],methods=[DELETE]}" onto public org.springframework.http.ResponseEntity<?> com.pfchoice.springboot.controller.EventFrequencyController.deleteEventFrequency(int)
2018-06-12 13:50:55.747  INFO 11872 --- [restartedMain] s.w.s.m.m.a.RequestMappingHandlerMapping : Mapped "{[/api/eventFrequency/],methods=[POST]}" onto public org.springframework.http.ResponseEntity<?> com.pfchoice.springboot.controller.EventFrequencyController.createEventFrequency(com.pfchoice.springboot.model.EventFrequency,org.springframework.web.util.UriComponentsBuilder,java.lang.String)
2018-06-12 13:50:55.748  INFO 11872 --- [restartedMain] s.w.s.m.m.a.RequestMappingHandlerMapping : Mapped "{[/api/eventMonth/{id}],methods=[PUT]}" onto public org.springframework.http.ResponseEntity<?> com.pfchoice.springboot.controller.EventMonthController.updateEventMonth(int,com.pfchoice.springboot.model.EventMonth)
2018-06-12 13:50:55.748  INFO 11872 --- [restartedMain] s.w.s.m.m.a.RequestMappingHandlerMapping : Mapped "{[/api/eventMonth/{id}],methods=[GET]}" onto public org.springframework.http.ResponseEntity<?> com.pfchoice.springboot.controller.EventMonthController.getEventMonth(int)
2018-06-12 13:50:55.749  INFO 11872 --- [restartedMain] s.w.s.m.m.a.RequestMappingHandlerMapping : Mapped "{[/api/eventMonth/],methods=[POST]}" onto public org.springframework.http.ResponseEntity<?> com.pfchoice.springboot.controller.EventMonthController.createEventMonth(com.pfchoice.springboot.model.EventMonth,org.springframework.web.util.UriComponentsBuilder,java.lang.String)
2018-06-12 13:50:55.749  INFO 11872 --- [restartedMain] s.w.s.m.m.a.RequestMappingHandlerMapping : Mapped "{[/api/eventMonth/{id}],methods=[DELETE]}" onto public org.springframework.http.ResponseEntity<?> com.pfchoice.springboot.controller.EventMonthController.deleteEventMonth(int)
2018-06-12 13:50:55.749  INFO 11872 --- [restartedMain] s.w.s.m.m.a.RequestMappingHandlerMapping : Mapped "{[/api/eventMonth/],methods=[DELETE]}" onto public org.springframework.http.ResponseEntity<com.pfchoice.springboot.model.EventMonth> com.pfchoice.springboot.controller.EventMonthController.deleteAllEventMonths()
2018-06-12 13:50:55.750  INFO 11872 --- [restartedMain] s.w.s.m.m.a.RequestMappingHandlerMapping : Mapped "{[/api/eventMonth/],methods=[GET]}" onto public org.springframework.http.ResponseEntity<java.util.List<com.pfchoice.springboot.model.EventMonth>> com.pfchoice.springboot.controller.EventMonthController.listAllEventMonths()
2018-06-12 13:50:55.751  INFO 11872 --- [restartedMain] s.w.s.m.m.a.RequestMappingHandlerMapping : Mapped "{[/api/eventWeekDay/{id}],methods=[GET]}" onto public org.springframework.http.ResponseEntity<?> com.pfchoice.springboot.controller.EventWeekDayController.getEventWeekDay(int)
2018-06-12 13:50:55.751  INFO 11872 --- [restartedMain] s.w.s.m.m.a.RequestMappingHandlerMapping : Mapped "{[/api/eventWeekDay/],methods=[DELETE]}" onto public org.springframework.http.ResponseEntity<com.pfchoice.springboot.model.EventWeekDay> com.pfchoice.springboot.controller.EventWeekDayController.deleteAllEventWeekDays()
2018-06-12 13:50:55.751  INFO 11872 --- [restartedMain] s.w.s.m.m.a.RequestMappingHandlerMapping : Mapped "{[/api/eventWeekDay/{id}],methods=[PUT]}" onto public org.springframework.http.ResponseEntity<?> com.pfchoice.springboot.controller.EventWeekDayController.updateEventWeekDay(int,com.pfchoice.springboot.model.EventWeekDay)
2018-06-12 13:50:55.752  INFO 11872 --- [restartedMain] s.w.s.m.m.a.RequestMappingHandlerMapping : Mapped "{[/api/eventWeekDay/],methods=[POST]}" onto public org.springframework.http.ResponseEntity<?> com.pfchoice.springboot.controller.EventWeekDayController.createEventWeekDay(com.pfchoice.springboot.model.EventWeekDay,org.springframework.web.util.UriComponentsBuilder,java.lang.String)
2018-06-12 13:50:55.752  INFO 11872 --- [restartedMain] s.w.s.m.m.a.RequestMappingHandlerMapping : Mapped "{[/api/eventWeekDay/{id}],methods=[DELETE]}" onto public org.springframework.http.ResponseEntity<?> com.pfchoice.springboot.controller.EventWeekDayController.deleteEventWeekDay(int)
2018-06-12 13:50:55.752  INFO 11872 --- [restartedMain] s.w.s.m.m.a.RequestMappingHandlerMapping : Mapped "{[/api/eventWeekDay/],methods=[GET]}" onto public org.springframework.http.ResponseEntity<java.util.List<com.pfchoice.springboot.model.EventWeekDay>> com.pfchoice.springboot.controller.EventWeekDayController.listAllEventWeekDays()
2018-06-12 13:50:55.753  INFO 11872 --- [restartedMain] s.w.s.m.m.a.RequestMappingHandlerMapping : Mapped "{[/api/eventWeekNumber/{id}],methods=[DELETE]}" onto public org.springframework.http.ResponseEntity<?> com.pfchoice.springboot.controller.EventWeekNumberController.deleteEventWeekNumber(int)
2018-06-12 13:50:55.754  INFO 11872 --- [restartedMain] s.w.s.m.m.a.RequestMappingHandlerMapping : Mapped "{[/api/eventWeekNumber/],methods=[DELETE]}" onto public org.springframework.http.ResponseEntity<com.pfchoice.springboot.model.EventWeekNumber> com.pfchoice.springboot.controller.EventWeekNumberController.deleteAllEventWeekNumbers()
2018-06-12 13:50:55.754  INFO 11872 --- [restartedMain] s.w.s.m.m.a.RequestMappingHandlerMapping : Mapped "{[/api/eventWeekNumber/{id}],methods=[GET]}" onto public org.springframework.http.ResponseEntity<?> com.pfchoice.springboot.controller.EventWeekNumberController.getEventWeekNumber(int)
2018-06-12 13:50:55.755  INFO 11872 --- [restartedMain] s.w.s.m.m.a.RequestMappingHandlerMapping : Mapped "{[/api/eventWeekNumber/],methods=[GET]}" onto public org.springframework.http.ResponseEntity<java.util.List<com.pfchoice.springboot.model.EventWeekNumber>> com.pfchoice.springboot.controller.EventWeekNumberController.listAllEventWeekNumbers()
2018-06-12 13:50:55.755  INFO 11872 --- [restartedMain] s.w.s.m.m.a.RequestMappingHandlerMapping : Mapped "{[/api/eventWeekNumber/],methods=[POST]}" onto public org.springframework.http.ResponseEntity<?> com.pfchoice.springboot.controller.EventWeekNumberController.createEventWeekNumber(com.pfchoice.springboot.model.EventWeekNumber,org.springframework.web.util.UriComponentsBuilder,java.lang.String)
2018-06-12 13:50:55.755  INFO 11872 --- [restartedMain] s.w.s.m.m.a.RequestMappingHandlerMapping : Mapped "{[/api/eventWeekNumber/{id}],methods=[PUT]}" onto public org.springframework.http.ResponseEntity<?> com.pfchoice.springboot.controller.EventWeekNumberController.updateEventWeekNumber(int,com.pfchoice.springboot.model.EventWeekNumber)
2018-06-12 13:50:55.756  INFO 11872 --- [restartedMain] s.w.s.m.m.a.RequestMappingHandlerMapping : Mapped "{[/api/facilityType/{id}],methods=[GET]}" onto public org.springframework.http.ResponseEntity<?> com.pfchoice.springboot.controller.FacilityTypeController.getFacilityType(int)
2018-06-12 13:50:55.757  INFO 11872 --- [restartedMain] s.w.s.m.m.a.RequestMappingHandlerMapping : Mapped "{[/api/facilityType/],methods=[POST]}" onto public org.springframework.http.ResponseEntity<?> com.pfchoice.springboot.controller.FacilityTypeController.createFacilityType(com.pfchoice.springboot.model.FacilityType,org.springframework.web.util.UriComponentsBuilder,java.lang.String)
2018-06-12 13:50:55.757  INFO 11872 --- [restartedMain] s.w.s.m.m.a.RequestMappingHandlerMapping : Mapped "{[/api/facilityType/{id}],methods=[PUT]}" onto public org.springframework.http.ResponseEntity<?> com.pfchoice.springboot.controller.FacilityTypeController.updateFacilityType(int,com.pfchoice.springboot.model.FacilityType,java.lang.String)
2018-06-12 13:50:55.757  INFO 11872 --- [restartedMain] s.w.s.m.m.a.RequestMappingHandlerMapping : Mapped "{[/api/facilityType/],methods=[DELETE]}" onto public org.springframework.http.ResponseEntity<com.pfchoice.springboot.model.FacilityType> com.pfchoice.springboot.controller.FacilityTypeController.deleteAllFacilityTypes()
2018-06-12 13:50:55.757  INFO 11872 --- [restartedMain] s.w.s.m.m.a.RequestMappingHandlerMapping : Mapped "{[/api/facilityType/{id}],methods=[DELETE]}" onto public org.springframework.http.ResponseEntity<?> com.pfchoice.springboot.controller.FacilityTypeController.deleteFacilityType(int)
2018-06-12 13:50:55.758  INFO 11872 --- [restartedMain] s.w.s.m.m.a.RequestMappingHandlerMapping : Mapped "{[/api/facilityType/],methods=[GET]}" onto public org.springframework.http.ResponseEntity<org.springframework.data.domain.Page<com.pfchoice.springboot.model.FacilityType>> com.pfchoice.springboot.controller.FacilityTypeController.listAllFacilityTypes(org.springframework.data.domain.Pageable,java.lang.String)
2018-06-12 13:50:55.760  INFO 11872 --- [restartedMain] s.w.s.m.m.a.RequestMappingHandlerMapping : Mapped "{[/api/fileUploadContent/],methods=[GET]}" onto public org.springframework.http.ResponseEntity<java.util.List<com.pfchoice.springboot.model.FileUploadContent>> com.pfchoice.springboot.controller.FileUploadContentController.listAllFileUploadContents()
2018-06-12 13:50:55.760  INFO 11872 --- [restartedMain] s.w.s.m.m.a.RequestMappingHandlerMapping : Mapped "{[/api/fileUpload/fileProcessing.do],methods=[POST]}" onto public java.util.List<com.pfchoice.springboot.model.FileUpload> com.pfchoice.springboot.controller.FileUploadContentController.uploadFileProcessing(org.springframework.ui.Model,org.springframework.web.multipart.MultipartFile[],java.lang.String) throws java.io.IOException
2018-06-12 13:50:55.761  INFO 11872 --- [restartedMain] s.w.s.m.m.a.RequestMappingHandlerMapping : Mapped "{[/api/fileUploadContent/{id}],methods=[PUT]}" onto public org.springframework.http.ResponseEntity<?> com.pfchoice.springboot.controller.FileUploadContentController.updateFileUploadContent(int,com.pfchoice.springboot.model.FileUploadContent,java.lang.String)
2018-06-12 13:50:55.761  INFO 11872 --- [restartedMain] s.w.s.m.m.a.RequestMappingHandlerMapping : Mapped "{[/api/fileUploadContent/{id}],methods=[GET]}" onto public org.springframework.http.ResponseEntity<?> com.pfchoice.springboot.controller.FileUploadContentController.getFileUploadContent(int)
2018-06-12 13:50:55.761  INFO 11872 --- [restartedMain] s.w.s.m.m.a.RequestMappingHandlerMapping : Mapped "{[/api/fileUploadContent/],methods=[DELETE]}" onto public org.springframework.http.ResponseEntity<com.pfchoice.springboot.model.FileUploadContent> com.pfchoice.springboot.controller.FileUploadContentController.deleteAllFileUploadContents()
2018-06-12 13:50:55.761  INFO 11872 --- [restartedMain] s.w.s.m.m.a.RequestMappingHandlerMapping : Mapped "{[/api/fileUploadContent/],methods=[POST]}" onto public org.springframework.http.ResponseEntity<?> com.pfchoice.springboot.controller.FileUploadContentController.createFileUploadContent(com.pfchoice.springboot.model.FileUploadContent,org.springframework.web.util.UriComponentsBuilder,java.lang.String)
2018-06-12 13:50:55.762  INFO 11872 --- [restartedMain] s.w.s.m.m.a.RequestMappingHandlerMapping : Mapped "{[/api/fileUploaded/{id}],methods=[GET]}" onto public org.springframework.http.ResponseEntity<byte[]> com.pfchoice.springboot.controller.FileUploadContentController.getFileUploadContentContents(int)
2018-06-12 13:50:55.762  INFO 11872 --- [restartedMain] s.w.s.m.m.a.RequestMappingHandlerMapping : Mapped "{[/api/fileUploadContent/{id}],methods=[DELETE]}" onto public org.springframework.http.ResponseEntity<?> com.pfchoice.springboot.controller.FileUploadContentController.deleteFileUploadContent(int)
2018-06-12 13:50:55.764  INFO 11872 --- [restartedMain] s.w.s.m.m.a.RequestMappingHandlerMapping : Mapped "{[/api/fileUpload/],methods=[POST]}" onto public org.springframework.http.ResponseEntity<?> com.pfchoice.springboot.controller.FileUploadController.createFileUpload(com.pfchoice.springboot.model.FileUpload,org.springframework.web.util.UriComponentsBuilder,java.lang.String)
2018-06-12 13:50:55.764  INFO 11872 --- [restartedMain] s.w.s.m.m.a.RequestMappingHandlerMapping : Mapped "{[/api/fileUpload/{id}],methods=[PUT]}" onto public org.springframework.http.ResponseEntity<?> com.pfchoice.springboot.controller.FileUploadController.updateFileUpload(int,com.pfchoice.springboot.model.FileUpload)
2018-06-12 13:50:55.764  INFO 11872 --- [restartedMain] s.w.s.m.m.a.RequestMappingHandlerMapping : Mapped "{[/api/fileUpload/{id}],methods=[DELETE]}" onto public org.springframework.http.ResponseEntity<?> com.pfchoice.springboot.controller.FileUploadController.deleteFileUpload(int)
2018-06-12 13:50:55.764  INFO 11872 --- [restartedMain] s.w.s.m.m.a.RequestMappingHandlerMapping : Mapped "{[/api/fileUpload/{id}],methods=[GET]}" onto public org.springframework.http.ResponseEntity<?> com.pfchoice.springboot.controller.FileUploadController.getFileUpload(int)
2018-06-12 13:50:55.765  INFO 11872 --- [restartedMain] s.w.s.m.m.a.RequestMappingHandlerMapping : Mapped "{[/api/fileUpload/],methods=[GET]}" onto public org.springframework.http.ResponseEntity<java.util.List<com.pfchoice.springboot.model.FileUpload>> com.pfchoice.springboot.controller.FileUploadController.listAllFileUploads()
2018-06-12 13:50:55.765  INFO 11872 --- [restartedMain] s.w.s.m.m.a.RequestMappingHandlerMapping : Mapped "{[/api/fileUpload/],methods=[DELETE]}" onto public org.springframework.http.ResponseEntity<com.pfchoice.springboot.model.FileUpload> com.pfchoice.springboot.controller.FileUploadController.deleteAllFileUploads()
2018-06-12 13:50:55.766  INFO 11872 --- [restartedMain] s.w.s.m.m.a.RequestMappingHandlerMapping : Mapped "{[/api/gender/],methods=[POST]}" onto public org.springframework.http.ResponseEntity<?> com.pfchoice.springboot.controller.GenderController.createGender(com.pfchoice.springboot.model.Gender,org.springframework.web.util.UriComponentsBuilder,java.lang.String)
2018-06-12 13:50:55.767  INFO 11872 --- [restartedMain] s.w.s.m.m.a.RequestMappingHandlerMapping : Mapped "{[/api/gender/],methods=[DELETE]}" onto public org.springframework.http.ResponseEntity<com.pfchoice.springboot.model.Gender> com.pfchoice.springboot.controller.GenderController.deleteAllGenders()
2018-06-12 13:50:55.767  INFO 11872 --- [restartedMain] s.w.s.m.m.a.RequestMappingHandlerMapping : Mapped "{[/api/gender/],methods=[GET]}" onto public org.springframework.http.ResponseEntity<java.util.List<com.pfchoice.springboot.model.Gender>> com.pfchoice.springboot.controller.GenderController.listAllGenders()
2018-06-12 13:50:55.767  INFO 11872 --- [restartedMain] s.w.s.m.m.a.RequestMappingHandlerMapping : Mapped "{[/api/gender/{id}],methods=[GET]}" onto public org.springframework.http.ResponseEntity<?> com.pfchoice.springboot.controller.GenderController.getGender(byte)
2018-06-12 13:50:55.767  INFO 11872 --- [restartedMain] s.w.s.m.m.a.RequestMappingHandlerMapping : Mapped "{[/api/gender/{id}],methods=[PUT]}" onto public org.springframework.http.ResponseEntity<?> com.pfchoice.springboot.controller.GenderController.updateGender(byte,com.pfchoice.springboot.model.Gender)
2018-06-12 13:50:55.768  INFO 11872 --- [restartedMain] s.w.s.m.m.a.RequestMappingHandlerMapping : Mapped "{[/api/gender/{id}],methods=[DELETE]}" onto public org.springframework.http.ResponseEntity<?> com.pfchoice.springboot.controller.GenderController.deleteGender(byte)
2018-06-12 13:50:55.769  INFO 11872 --- [restartedMain] s.w.s.m.m.a.RequestMappingHandlerMapping : Mapped "{[/api/insurance/{id}],methods=[GET]}" onto public org.springframework.http.ResponseEntity<?> com.pfchoice.springboot.controller.InsurnaceController.getInsurance(int)
2018-06-12 13:50:55.769  INFO 11872 --- [restartedMain] s.w.s.m.m.a.RequestMappingHandlerMapping : Mapped "{[/api/insurance/],methods=[POST]}" onto public org.springframework.http.ResponseEntity<?> com.pfchoice.springboot.controller.InsurnaceController.createInsurance(com.pfchoice.springboot.model.Insurance,org.springframework.web.util.UriComponentsBuilder,java.lang.String)
2018-06-12 13:50:55.770  INFO 11872 --- [restartedMain] s.w.s.m.m.a.RequestMappingHandlerMapping : Mapped "{[/api/insurance/{id}],methods=[DELETE]}" onto public org.springframework.http.ResponseEntity<?> com.pfchoice.springboot.controller.InsurnaceController.deleteInsurance(int)
2018-06-12 13:50:55.770  INFO 11872 --- [restartedMain] s.w.s.m.m.a.RequestMappingHandlerMapping : Mapped "{[/api/insurance/{id}],methods=[PUT]}" onto public org.springframework.http.ResponseEntity<?> com.pfchoice.springboot.controller.InsurnaceController.updateInsurance(int,com.pfchoice.springboot.model.Insurance)
2018-06-12 13:50:55.770  INFO 11872 --- [restartedMain] s.w.s.m.m.a.RequestMappingHandlerMapping : Mapped "{[/api/insurance/],methods=[DELETE]}" onto public org.springframework.http.ResponseEntity<com.pfchoice.springboot.model.Insurance> com.pfchoice.springboot.controller.InsurnaceController.deleteAllInsurances()
2018-06-12 13:50:55.770  INFO 11872 --- [restartedMain] s.w.s.m.m.a.RequestMappingHandlerMapping : Mapped "{[/api/insurance/],methods=[GET]}" onto public org.springframework.http.ResponseEntity<?> com.pfchoice.springboot.controller.InsurnaceController.listAllInsurances(java.lang.Integer,java.lang.Integer,java.lang.String)
2018-06-12 13:50:55.771  INFO 11872 --- [restartedMain] s.w.s.m.m.a.RequestMappingHandlerMapping : Mapped "{[/api/language/{id}],methods=[GET]}" onto public org.springframework.http.ResponseEntity<?> com.pfchoice.springboot.controller.LanguageController.getLanguage(short)
2018-06-12 13:50:55.772  INFO 11872 --- [restartedMain] s.w.s.m.m.a.RequestMappingHandlerMapping : Mapped "{[/api/language/],methods=[GET]}" onto public org.springframework.http.ResponseEntity<org.springframework.data.domain.Page<com.pfchoice.springboot.model.Language>> com.pfchoice.springboot.controller.LanguageController.listAllLanguages(java.lang.Integer,java.lang.Integer,java.lang.String)
2018-06-12 13:50:55.772  INFO 11872 --- [restartedMain] s.w.s.m.m.a.RequestMappingHandlerMapping : Mapped "{[/api/language/],methods=[POST]}" onto public org.springframework.http.ResponseEntity<?> com.pfchoice.springboot.controller.LanguageController.createLanguage(com.pfchoice.springboot.model.Language,org.springframework.web.util.UriComponentsBuilder)
2018-06-12 13:50:55.772  INFO 11872 --- [restartedMain] s.w.s.m.m.a.RequestMappingHandlerMapping : Mapped "{[/api/language/{id}],methods=[DELETE]}" onto public org.springframework.http.ResponseEntity<?> com.pfchoice.springboot.controller.LanguageController.deleteLanguage(short)
2018-06-12 13:50:55.773  INFO 11872 --- [restartedMain] s.w.s.m.m.a.RequestMappingHandlerMapping : Mapped "{[/api/language/{id}],methods=[PUT]}" onto public org.springframework.http.ResponseEntity<?> com.pfchoice.springboot.controller.LanguageController.updateLanguage(short,com.pfchoice.springboot.model.Language)
2018-06-12 13:50:55.773  INFO 11872 --- [restartedMain] s.w.s.m.m.a.RequestMappingHandlerMapping : Mapped "{[/api/language/],methods=[DELETE]}" onto public org.springframework.http.ResponseEntity<com.pfchoice.springboot.model.Language> com.pfchoice.springboot.controller.LanguageController.deleteAllLanguages()
2018-06-12 13:50:55.774  INFO 11872 --- [restartedMain] s.w.s.m.m.a.RequestMappingHandlerMapping : Mapped "{[/api/lead/],methods=[DELETE]}" onto public org.springframework.http.ResponseEntity<com.pfchoice.springboot.model.LeadMembership> com.pfchoice.springboot.controller.LeadController.deleteAllLeadMemberships()
2018-06-12 13:50:55.774  INFO 11872 --- [restartedMain] s.w.s.m.m.a.RequestMappingHandlerMapping : Mapped "{[/api/lead/{id}],methods=[GET]}" onto public org.springframework.http.ResponseEntity<?> com.pfchoice.springboot.controller.LeadController.getLeadMembership(int)
2018-06-12 13:50:55.774  INFO 11872 --- [restartedMain] s.w.s.m.m.a.RequestMappingHandlerMapping : Mapped "{[/api/lead/],methods=[POST]}" onto public org.springframework.http.ResponseEntity<?> com.pfchoice.springboot.controller.LeadController.createLeadMembership(com.pfchoice.springboot.model.LeadMembership,org.springframework.web.util.UriComponentsBuilder,java.lang.Integer,java.lang.String,java.lang.String) throws java.lang.Exception
2018-06-12 13:50:55.775  INFO 11872 --- [restartedMain] s.w.s.m.m.a.RequestMappingHandlerMapping : Mapped "{[/api/lead/{id}],methods=[PUT]}" onto public org.springframework.http.ResponseEntity<?> com.pfchoice.springboot.controller.LeadController.updateLeadMembership(int,com.pfchoice.springboot.model.LeadMembership,java.lang.Integer,java.lang.String,java.lang.String) throws javax.mail.MessagingException,java.lang.InterruptedException,java.io.IOException
2018-06-12 13:50:55.775  INFO 11872 --- [restartedMain] s.w.s.m.m.a.RequestMappingHandlerMapping : Mapped "{[/api/lead/],methods=[GET]}" onto public org.springframework.http.ResponseEntity<org.springframework.data.domain.Page<com.pfchoice.springboot.model.LeadMembership>> com.pfchoice.springboot.controller.LeadController.listAllLeadMemberships(org.springframework.data.domain.Pageable,java.lang.String,java.lang.String,java.lang.String,java.lang.Integer,java.lang.String,java.lang.Integer,java.lang.Integer,java.lang.Integer,java.lang.Integer,java.lang.String,java.lang.String) throws javax.mail.MessagingException,java.io.IOException
2018-06-12 13:50:55.775  INFO 11872 --- [restartedMain] s.w.s.m.m.a.RequestMappingHandlerMapping : Mapped "{[/api/lead/{id}],methods=[DELETE]}" onto public org.springframework.http.ResponseEntity<?> com.pfchoice.springboot.controller.LeadController.deleteLeadMembership(int)
2018-06-12 13:50:55.776  INFO 11872 --- [restartedMain] s.w.s.m.m.a.RequestMappingHandlerMapping : Mapped "{[/api/leadStatus/{id}],methods=[PUT]}" onto public org.springframework.http.ResponseEntity<?> com.pfchoice.springboot.controller.LeadStatusController.updateLeadStatus(short,com.pfchoice.springboot.model.LeadStatus,java.lang.String)
2018-06-12 13:50:55.776  INFO 11872 --- [restartedMain] s.w.s.m.m.a.RequestMappingHandlerMapping : Mapped "{[/api/leadStatus/{id}],methods=[GET]}" onto public org.springframework.http.ResponseEntity<?> com.pfchoice.springboot.controller.LeadStatusController.getLeadStatus(short)
2018-06-12 13:50:55.776  INFO 11872 --- [restartedMain] s.w.s.m.m.a.RequestMappingHandlerMapping : Mapped "{[/api/leadStatus/],methods=[POST]}" onto public org.springframework.http.ResponseEntity<?> com.pfchoice.springboot.controller.LeadStatusController.createLeadStatus(com.pfchoice.springboot.model.LeadStatus,org.springframework.web.util.UriComponentsBuilder,java.lang.String)
2018-06-12 13:50:55.777  INFO 11872 --- [restartedMain] s.w.s.m.m.a.RequestMappingHandlerMapping : Mapped "{[/api/leadStatus/{id}],methods=[DELETE]}" onto public org.springframework.http.ResponseEntity<?> com.pfchoice.springboot.controller.LeadStatusController.deleteLeadStatus(short)
2018-06-12 13:50:55.777  INFO 11872 --- [restartedMain] s.w.s.m.m.a.RequestMappingHandlerMapping : Mapped "{[/api/leadStatus/],methods=[DELETE]}" onto public org.springframework.http.ResponseEntity<com.pfchoice.springboot.model.LeadStatus> com.pfchoice.springboot.controller.LeadStatusController.deleteAllLeadStatuses()
2018-06-12 13:50:55.777  INFO 11872 --- [restartedMain] s.w.s.m.m.a.RequestMappingHandlerMapping : Mapped "{[/api/leadStatus/],methods=[GET]}" onto public org.springframework.http.ResponseEntity<org.springframework.data.domain.Page<com.pfchoice.springboot.model.LeadStatus>> com.pfchoice.springboot.controller.LeadStatusController.listAllLeadStatuses(org.springframework.data.domain.Pageable,java.lang.String)
2018-06-12 13:50:55.778  INFO 11872 --- [restartedMain] s.w.s.m.m.a.RequestMappingHandlerMapping : Mapped "{[/api/leadStatusDetail/],methods=[DELETE]}" onto public org.springframework.http.ResponseEntity<com.pfchoice.springboot.model.LeadStatusDetail> com.pfchoice.springboot.controller.LeadStatusDetailController.deleteAllLeadStatusDetailes()
2018-06-12 13:50:55.778  INFO 11872 --- [restartedMain] s.w.s.m.m.a.RequestMappingHandlerMapping : Mapped "{[/api/leadStatusDetail/],methods=[POST]}" onto public org.springframework.http.ResponseEntity<?> com.pfchoice.springboot.controller.LeadStatusDetailController.createLeadStatusDetail(com.pfchoice.springboot.model.LeadStatusDetail,org.springframework.web.util.UriComponentsBuilder,java.lang.String)
2018-06-12 13:50:55.779  INFO 11872 --- [restartedMain] s.w.s.m.m.a.RequestMappingHandlerMapping : Mapped "{[/api/leadStatusDetail/{id}],methods=[PUT]}" onto public org.springframework.http.ResponseEntity<?> com.pfchoice.springboot.controller.LeadStatusDetailController.updateLeadStatusDetail(short,com.pfchoice.springboot.model.LeadStatusDetail,java.lang.String)
2018-06-12 13:50:55.779  INFO 11872 --- [restartedMain] s.w.s.m.m.a.RequestMappingHandlerMapping : Mapped "{[/api/leadStatusDetail/],methods=[GET]}" onto public org.springframework.http.ResponseEntity<org.springframework.data.domain.Page<com.pfchoice.springboot.model.LeadStatusDetail>> com.pfchoice.springboot.controller.LeadStatusDetailController.listAllLeadStatusDetailes(org.springframework.data.domain.Pageable,java.lang.String)
2018-06-12 13:50:55.779  INFO 11872 --- [restartedMain] s.w.s.m.m.a.RequestMappingHandlerMapping : Mapped "{[/api/leadStatusDetail/{id}],methods=[DELETE]}" onto public org.springframework.http.ResponseEntity<?> com.pfchoice.springboot.controller.LeadStatusDetailController.deleteLeadStatusDetail(short)
2018-06-12 13:50:55.779  INFO 11872 --- [restartedMain] s.w.s.m.m.a.RequestMappingHandlerMapping : Mapped "{[/api/leadStatusDetail/{id}],methods=[GET]}" onto public org.springframework.http.ResponseEntity<?> com.pfchoice.springboot.controller.LeadStatusDetailController.getLeadStatusDetail(short)
2018-06-12 13:50:55.780  INFO 11872 --- [restartedMain] s.w.s.m.m.a.RequestMappingHandlerMapping : Mapped "{[/api/planType/{id}],methods=[GET]}" onto public org.springframework.http.ResponseEntity<?> com.pfchoice.springboot.controller.PlanTypeController.getPlanType(int)
2018-06-12 13:50:55.781  INFO 11872 --- [restartedMain] s.w.s.m.m.a.RequestMappingHandlerMapping : Mapped "{[/api/planType/],methods=[GET]}" onto public org.springframework.http.ResponseEntity<java.util.List<com.pfchoice.springboot.model.PlanType>> com.pfchoice.springboot.controller.PlanTypeController.listAllPlanTypes()
2018-06-12 13:50:55.781  INFO 11872 --- [restartedMain] s.w.s.m.m.a.RequestMappingHandlerMapping : Mapped "{[/api/planType/],methods=[POST]}" onto public org.springframework.http.ResponseEntity<?> com.pfchoice.springboot.controller.PlanTypeController.createPlanType(com.pfchoice.springboot.model.PlanType,org.springframework.web.util.UriComponentsBuilder,java.lang.String)
2018-06-12 13:50:55.781  INFO 11872 --- [restartedMain] s.w.s.m.m.a.RequestMappingHandlerMapping : Mapped "{[/api/planType/{id}],methods=[DELETE]}" onto public org.springframework.http.ResponseEntity<?> com.pfchoice.springboot.controller.PlanTypeController.deletePlanType(int)
2018-06-12 13:50:55.781  INFO 11872 --- [restartedMain] s.w.s.m.m.a.RequestMappingHandlerMapping : Mapped "{[/api/planType/{id}],methods=[PUT]}" onto public org.springframework.http.ResponseEntity<?> com.pfchoice.springboot.controller.PlanTypeController.updatePlanType(int,com.pfchoice.springboot.model.PlanType)
2018-06-12 13:50:55.782  INFO 11872 --- [restartedMain] s.w.s.m.m.a.RequestMappingHandlerMapping : Mapped "{[/api/planType/],methods=[DELETE]}" onto public org.springframework.http.ResponseEntity<com.pfchoice.springboot.model.PlanType> com.pfchoice.springboot.controller.PlanTypeController.deleteAllPlanTypes()
2018-06-12 13:50:55.782  INFO 11872 --- [restartedMain] s.w.s.m.m.a.RequestMappingHandlerMapping : Mapped "{[/api/provider/{id}],methods=[GET]}" onto public org.springframework.http.ResponseEntity<?> com.pfchoice.springboot.controller.ProviderController.getProvider(int)
2018-06-12 13:50:55.783  INFO 11872 --- [restartedMain] s.w.s.m.m.a.RequestMappingHandlerMapping : Mapped "{[/api/provider/{id}],methods=[PUT]}" onto public org.springframework.http.ResponseEntity<?> com.pfchoice.springboot.controller.ProviderController.updateProvider(int,com.pfchoice.springboot.model.Provider)
2018-06-12 13:50:55.783  INFO 11872 --- [restartedMain] s.w.s.m.m.a.RequestMappingHandlerMapping : Mapped "{[/api/provider/],methods=[POST]}" onto public org.springframework.http.ResponseEntity<?> com.pfchoice.springboot.controller.ProviderController.createProvider(com.pfchoice.springboot.model.Provider,org.springframework.web.util.UriComponentsBuilder)
2018-06-12 13:50:55.783  INFO 11872 --- [restartedMain] s.w.s.m.m.a.RequestMappingHandlerMapping : Mapped "{[/api/provider/{id}],methods=[DELETE]}" onto public org.springframework.http.ResponseEntity<?> com.pfchoice.springboot.controller.ProviderController.deleteProvider(int)
2018-06-12 13:50:55.783  INFO 11872 --- [restartedMain] s.w.s.m.m.a.RequestMappingHandlerMapping : Mapped "{[/api/provider/],methods=[GET]}" onto public org.springframework.http.ResponseEntity<org.springframework.data.domain.Page<com.pfchoice.springboot.model.Provider>> com.pfchoice.springboot.controller.ProviderController.listAllProviders(java.lang.Integer,java.lang.Integer,java.lang.String)
2018-06-12 13:50:55.784  INFO 11872 --- [restartedMain] s.w.s.m.m.a.RequestMappingHandlerMapping : Mapped "{[/api/provider/],methods=[DELETE]}" onto public org.springframework.http.ResponseEntity<com.pfchoice.springboot.model.Provider> com.pfchoice.springboot.controller.ProviderController.deleteAllProviders()
2018-06-12 13:50:55.784  INFO 11872 --- [restartedMain] s.w.s.m.m.a.RequestMappingHandlerMapping : Mapped "{[/api/statusReport/],methods=[GET]}" onto public org.springframework.http.ResponseEntity<java.util.List<com.pfchoice.springboot.model.LeadMembership>> com.pfchoice.springboot.controller.ReportsController.statusReport(org.springframework.data.domain.Pageable,java.lang.String,java.lang.String,java.lang.String,java.lang.String,java.lang.String,java.util.Date,java.util.Date,java.lang.String,java.lang.Integer,java.lang.String)
2018-06-12 13:50:55.785  INFO 11872 --- [restartedMain] s.w.s.m.m.a.RequestMappingHandlerMapping : Mapped "{[/api/role/{id}],methods=[GET]}" onto public org.springframework.http.ResponseEntity<?> com.pfchoice.springboot.controller.RoleController.getRole(int)
2018-06-12 13:50:55.786  INFO 11872 --- [restartedMain] s.w.s.m.m.a.RequestMappingHandlerMapping : Mapped "{[/api/role/],methods=[POST]}" onto public org.springframework.http.ResponseEntity<?> com.pfchoice.springboot.controller.RoleController.createRole(com.pfchoice.springboot.model.Role,org.springframework.web.util.UriComponentsBuilder,java.lang.String)
2018-06-12 13:50:55.786  INFO 11872 --- [restartedMain] s.w.s.m.m.a.RequestMappingHandlerMapping : Mapped "{[/api/role/{id}],methods=[PUT]}" onto public org.springframework.http.ResponseEntity<?> com.pfchoice.springboot.controller.RoleController.updateRole(int,com.pfchoice.springboot.model.Role)
2018-06-12 13:50:55.786  INFO 11872 --- [restartedMain] s.w.s.m.m.a.RequestMappingHandlerMapping : Mapped "{[/api/role/{id}],methods=[DELETE]}" onto public org.springframework.http.ResponseEntity<?> com.pfchoice.springboot.controller.RoleController.deleteRole(int)
2018-06-12 13:50:55.786  INFO 11872 --- [restartedMain] s.w.s.m.m.a.RequestMappingHandlerMapping : Mapped "{[/api/role/],methods=[DELETE]}" onto public org.springframework.http.ResponseEntity<com.pfchoice.springboot.model.Role> com.pfchoice.springboot.controller.RoleController.deleteAllRoles()
2018-06-12 13:50:55.787  INFO 11872 --- [restartedMain] s.w.s.m.m.a.RequestMappingHandlerMapping : Mapped "{[/api/role/],methods=[GET]}" onto public org.springframework.http.ResponseEntity<org.springframework.data.domain.Page<com.pfchoice.springboot.model.Role>> com.pfchoice.springboot.controller.RoleController.listAllRoles(org.springframework.data.domain.Pageable,java.lang.String)
2018-06-12 13:50:55.788  INFO 11872 --- [restartedMain] s.w.s.m.m.a.RequestMappingHandlerMapping : Mapped "{[/api/state/{id}],methods=[GET]}" onto public org.springframework.http.ResponseEntity<?> com.pfchoice.springboot.controller.StateController.getState(int)
2018-06-12 13:50:55.788  INFO 11872 --- [restartedMain] s.w.s.m.m.a.RequestMappingHandlerMapping : Mapped "{[/api/state/{id}],methods=[PUT]}" onto public org.springframework.http.ResponseEntity<?> com.pfchoice.springboot.controller.StateController.updateState(int,com.pfchoice.springboot.model.State)
2018-06-12 13:50:55.788  INFO 11872 --- [restartedMain] s.w.s.m.m.a.RequestMappingHandlerMapping : Mapped "{[/api/state/],methods=[POST]}" onto public org.springframework.http.ResponseEntity<?> com.pfchoice.springboot.controller.StateController.createState(com.pfchoice.springboot.model.State,org.springframework.web.util.UriComponentsBuilder,java.lang.String)
2018-06-12 13:50:55.788  INFO 11872 --- [restartedMain] s.w.s.m.m.a.RequestMappingHandlerMapping : Mapped "{[/api/state/{id}],methods=[DELETE]}" onto public org.springframework.http.ResponseEntity<?> com.pfchoice.springboot.controller.StateController.deleteState(int)
2018-06-12 13:50:55.788  INFO 11872 --- [restartedMain] s.w.s.m.m.a.RequestMappingHandlerMapping : Mapped "{[/api/state/],methods=[GET]}" onto public org.springframework.http.ResponseEntity<java.util.List<com.pfchoice.springboot.model.State>> com.pfchoice.springboot.controller.StateController.listAllStates()
2018-06-12 13:50:55.789  INFO 11872 --- [restartedMain] s.w.s.m.m.a.RequestMappingHandlerMapping : Mapped "{[/api/state/],methods=[DELETE]}" onto public org.springframework.http.ResponseEntity<com.pfchoice.springboot.model.State> com.pfchoice.springboot.controller.StateController.deleteAllStates()
2018-06-12 13:50:55.790  INFO 11872 --- [restartedMain] s.w.s.m.m.a.RequestMappingHandlerMapping : Mapped "{[/api/user/{id}],methods=[GET]}" onto public org.springframework.http.ResponseEntity<?> com.pfchoice.springboot.controller.UserController.getUser(int)
2018-06-12 13:50:55.790  INFO 11872 --- [restartedMain] s.w.s.m.m.a.RequestMappingHandlerMapping : Mapped "{[/api/user/{id}],methods=[PUT]}" onto public org.springframework.http.ResponseEntity<?> com.pfchoice.springboot.controller.UserController.updateUser(int,com.pfchoice.springboot.model.User,java.lang.String)
2018-06-12 13:50:55.790  INFO 11872 --- [restartedMain] s.w.s.m.m.a.RequestMappingHandlerMapping : Mapped "{[/api/user/],methods=[GET]}" onto public org.springframework.http.ResponseEntity<org.springframework.data.domain.Page<com.pfchoice.springboot.model.User>> com.pfchoice.springboot.controller.UserController.listAllUsers(org.springframework.data.domain.Pageable,java.lang.String)
2018-06-12 13:50:55.790  INFO 11872 --- [restartedMain] s.w.s.m.m.a.RequestMappingHandlerMapping : Mapped "{[/api/user/],methods=[POST]}" onto public org.springframework.http.ResponseEntity<?> com.pfchoice.springboot.controller.UserController.createUser(com.pfchoice.springboot.model.User,org.springframework.web.util.UriComponentsBuilder,java.lang.String)
2018-06-12 13:50:55.790  INFO 11872 --- [restartedMain] s.w.s.m.m.a.RequestMappingHandlerMapping : Mapped "{[/api/user/],methods=[DELETE]}" onto public org.springframework.http.ResponseEntity<com.pfchoice.springboot.model.User> com.pfchoice.springboot.controller.UserController.deleteAllUsers()
2018-06-12 13:50:55.791  INFO 11872 --- [restartedMain] s.w.s.m.m.a.RequestMappingHandlerMapping : Mapped "{[/api/user/{id}],methods=[DELETE]}" onto public org.springframework.http.ResponseEntity<?> com.pfchoice.springboot.controller.UserController.deleteUser(int)
2018-06-12 13:50:55.794  INFO 11872 --- [restartedMain] s.w.s.m.m.a.RequestMappingHandlerMapping : Mapped "{[/error]}" onto public org.springframework.http.ResponseEntity<java.util.Map<java.lang.String, java.lang.Object>> org.springframework.boot.autoconfigure.web.BasicErrorController.error(javax.servlet.http.HttpServletRequest)
2018-06-12 13:50:55.794  INFO 11872 --- [restartedMain] s.w.s.m.m.a.RequestMappingHandlerMapping : Mapped "{[/error],produces=[text/html]}" onto public org.springframework.web.servlet.ModelAndView org.springframework.boot.autoconfigure.web.BasicErrorController.errorHtml(javax.servlet.http.HttpServletRequest,javax.servlet.http.HttpServletResponse)
2018-06-12 13:50:55.884  INFO 11872 --- [restartedMain] o.s.w.s.handler.SimpleUrlHandlerMapping  : Mapped URL path [/webjars/**] onto handler of type [class org.springframework.web.servlet.resource.ResourceHttpRequestHandler]
2018-06-12 13:50:55.884  INFO 11872 --- [restartedMain] o.s.w.s.handler.SimpleUrlHandlerMapping  : Mapped URL path [/**] onto handler of type [class org.springframework.web.servlet.resource.ResourceHttpRequestHandler]
2018-06-12 13:50:55.936  INFO 11872 --- [restartedMain] o.s.w.s.handler.SimpleUrlHandlerMapping  : Mapped URL path [/**/favicon.ico] onto handler of type [class org.springframework.web.servlet.resource.ResourceHttpRequestHandler]
2018-06-12 13:50:56.298  INFO 11872 --- [restartedMain] o.s.b.a.e.mvc.EndpointHandlerMapping     : Mapped "{[/autoconfig || /autoconfig.json],methods=[GET],produces=[application/vnd.spring-boot.actuator.v1+json || application/json]}" onto public java.lang.Object org.springframework.boot.actuate.endpoint.mvc.EndpointMvcAdapter.invoke()
2018-06-12 13:50:56.299  INFO 11872 --- [restartedMain] o.s.b.a.e.mvc.EndpointHandlerMapping     : Mapped "{[/mappings || /mappings.json],methods=[GET],produces=[application/vnd.spring-boot.actuator.v1+json || application/json]}" onto public java.lang.Object org.springframework.boot.actuate.endpoint.mvc.EndpointMvcAdapter.invoke()
2018-06-12 13:50:56.299  INFO 11872 --- [restartedMain] o.s.b.a.e.mvc.EndpointHandlerMapping     : Mapped "{[/configprops || /configprops.json],methods=[GET],produces=[application/vnd.spring-boot.actuator.v1+json || application/json]}" onto public java.lang.Object org.springframework.boot.actuate.endpoint.mvc.EndpointMvcAdapter.invoke()
2018-06-12 13:50:56.299  INFO 11872 --- [restartedMain] o.s.b.a.e.mvc.EndpointHandlerMapping     : Mapped "{[/logfile || /logfile.json],methods=[GET || HEAD]}" onto public void org.springframework.boot.actuate.endpoint.mvc.LogFileMvcEndpoint.invoke(javax.servlet.http.HttpServletRequest,javax.servlet.http.HttpServletResponse) throws javax.servlet.ServletException,java.io.IOException
2018-06-12 13:50:56.300  INFO 11872 --- [restartedMain] o.s.b.a.e.mvc.EndpointHandlerMapping     : Mapped "{[/dump || /dump.json],methods=[GET],produces=[application/vnd.spring-boot.actuator.v1+json || application/json]}" onto public java.lang.Object org.springframework.boot.actuate.endpoint.mvc.EndpointMvcAdapter.invoke()
2018-06-12 13:50:56.300  INFO 11872 --- [restartedMain] o.s.b.a.e.mvc.EndpointHandlerMapping     : Mapped "{[/beans || /beans.json],methods=[GET],produces=[application/vnd.spring-boot.actuator.v1+json || application/json]}" onto public java.lang.Object org.springframework.boot.actuate.endpoint.mvc.EndpointMvcAdapter.invoke()
2018-06-12 13:50:56.301  INFO 11872 --- [restartedMain] o.s.b.a.e.mvc.EndpointHandlerMapping     : Mapped "{[/heapdump || /heapdump.json],methods=[GET],produces=[application/octet-stream]}" onto public void org.springframework.boot.actuate.endpoint.mvc.HeapdumpMvcEndpoint.invoke(boolean,javax.servlet.http.HttpServletRequest,javax.servlet.http.HttpServletResponse) throws java.io.IOException,javax.servlet.ServletException
2018-06-12 13:50:56.302  INFO 11872 --- [restartedMain] o.s.b.a.e.mvc.EndpointHandlerMapping     : Mapped "{[/loggers/{name:.*}],methods=[GET],produces=[application/vnd.spring-boot.actuator.v1+json || application/json]}" onto public java.lang.Object org.springframework.boot.actuate.endpoint.mvc.LoggersMvcEndpoint.get(java.lang.String)
2018-06-12 13:50:56.302  INFO 11872 --- [restartedMain] o.s.b.a.e.mvc.EndpointHandlerMapping     : Mapped "{[/loggers/{name:.*}],methods=[POST],consumes=[application/vnd.spring-boot.actuator.v1+json || application/json],produces=[application/vnd.spring-boot.actuator.v1+json || application/json]}" onto public java.lang.Object org.springframework.boot.actuate.endpoint.mvc.LoggersMvcEndpoint.set(java.lang.String,java.util.Map<java.lang.String, java.lang.String>)
2018-06-12 13:50:56.303  INFO 11872 --- [restartedMain] o.s.b.a.e.mvc.EndpointHandlerMapping     : Mapped "{[/loggers || /loggers.json],methods=[GET],produces=[application/vnd.spring-boot.actuator.v1+json || application/json]}" onto public java.lang.Object org.springframework.boot.actuate.endpoint.mvc.EndpointMvcAdapter.invoke()
2018-06-12 13:50:56.304  INFO 11872 --- [restartedMain] o.s.b.a.e.mvc.EndpointHandlerMapping     : Mapped "{[/env/{name:.*}],methods=[GET],produces=[application/vnd.spring-boot.actuator.v1+json || application/json]}" onto public java.lang.Object org.springframework.boot.actuate.endpoint.mvc.EnvironmentMvcEndpoint.value(java.lang.String)
2018-06-12 13:50:56.304  INFO 11872 --- [restartedMain] o.s.b.a.e.mvc.EndpointHandlerMapping     : Mapped "{[/env || /env.json],methods=[GET],produces=[application/vnd.spring-boot.actuator.v1+json || application/json]}" onto public java.lang.Object org.springframework.boot.actuate.endpoint.mvc.EndpointMvcAdapter.invoke()
2018-06-12 13:50:56.304  INFO 11872 --- [restartedMain] o.s.b.a.e.mvc.EndpointHandlerMapping     : Mapped "{[/trace || /trace.json],methods=[GET],produces=[application/vnd.spring-boot.actuator.v1+json || application/json]}" onto public java.lang.Object org.springframework.boot.actuate.endpoint.mvc.EndpointMvcAdapter.invoke()
2018-06-12 13:50:56.305  INFO 11872 --- [restartedMain] o.s.b.a.e.mvc.EndpointHandlerMapping     : Mapped "{[/info || /info.json],methods=[GET],produces=[application/vnd.spring-boot.actuator.v1+json || application/json]}" onto public java.lang.Object org.springframework.boot.actuate.endpoint.mvc.EndpointMvcAdapter.invoke()
2018-06-12 13:50:56.305  INFO 11872 --- [restartedMain] o.s.b.a.e.mvc.EndpointHandlerMapping     : Mapped "{[/metrics/{name:.*}],methods=[GET],produces=[application/vnd.spring-boot.actuator.v1+json || application/json]}" onto public java.lang.Object org.springframework.boot.actuate.endpoint.mvc.MetricsMvcEndpoint.value(java.lang.String)
2018-06-12 13:50:56.305  INFO 11872 --- [restartedMain] o.s.b.a.e.mvc.EndpointHandlerMapping     : Mapped "{[/metrics || /metrics.json],methods=[GET],produces=[application/vnd.spring-boot.actuator.v1+json || application/json]}" onto public java.lang.Object org.springframework.boot.actuate.endpoint.mvc.EndpointMvcAdapter.invoke()
2018-06-12 13:50:56.306  INFO 11872 --- [restartedMain] o.s.b.a.e.mvc.EndpointHandlerMapping     : Mapped "{[/health || /health.json],methods=[GET],produces=[application/vnd.spring-boot.actuator.v1+json || application/json]}" onto public java.lang.Object org.springframework.boot.actuate.endpoint.mvc.HealthMvcEndpoint.invoke(javax.servlet.http.HttpServletRequest,java.security.Principal)
2018-06-12 13:50:56.306  INFO 11872 --- [restartedMain] o.s.b.a.e.mvc.EndpointHandlerMapping     : Mapped "{[/auditevents || /auditevents.json],methods=[GET],produces=[application/vnd.spring-boot.actuator.v1+json || application/json]}" onto public org.springframework.http.ResponseEntity<?> org.springframework.boot.actuate.endpoint.mvc.AuditEventsMvcEndpoint.findByPrincipalAndAfterAndType(java.lang.String,java.util.Date,java.lang.String)
2018-06-12 13:50:56.360  INFO 11872 --- [restartedMain] o.s.s.web.DefaultSecurityFilterChain     : Creating filter chain: org.springframework.boot.actuate.autoconfigure.ManagementWebSecurityAutoConfiguration$LazyEndpointPathRequestMatcher@3d7f2bf, [org.springframework.security.web.context.request.async.WebAsyncManagerIntegrationFilter@2372a1e9, org.springframework.security.web.context.SecurityContextPersistenceFilter@24d18345, org.springframework.security.web.header.HeaderWriterFilter@1cb16097, org.springframework.web.filter.CorsFilter@5fb859c8, org.springframework.security.web.authentication.logout.LogoutFilter@6ed9f15b, org.springframework.security.web.authentication.www.BasicAuthenticationFilter@22c57210, org.springframework.security.web.savedrequest.RequestCacheAwareFilter@64055f83, org.springframework.security.web.servletapi.SecurityContextHolderAwareRequestFilter@73273e4c, org.springframework.security.web.authentication.AnonymousAuthenticationFilter@3952a9f, org.springframework.security.web.session.SessionManagementFilter@14313a41, org.springframework.security.web.access.ExceptionTranslationFilter@46f0dc80, org.springframework.security.web.access.intercept.FilterSecurityInterceptor@47523a06]
2018-06-12 13:50:56.377  INFO 11872 --- [restartedMain] o.s.s.concurrent.ThreadPoolTaskExecutor  : Initializing ExecutorService 
2018-06-12 13:50:56.384  INFO 11872 --- [restartedMain] o.s.s.concurrent.ThreadPoolTaskExecutor  : Initializing ExecutorService  'leadManagementExecutor'
2018-06-12 13:50:56.631  INFO 11872 --- [restartedMain] s.w.s.m.m.a.RequestMappingHandlerAdapter : Looking for @ControllerAdvice: org.springframework.boot.context.embedded.AnnotationConfigEmbeddedWebApplicationContext@6bace959: startup date [Tue Jun 12 13:50:47 EDT 2018]; root of context hierarchy
2018-06-12 13:50:56.689  INFO 11872 --- [restartedMain] .m.m.a.ExceptionHandlerExceptionResolver : Detected @ExceptionHandler methods in restResponseEntityExceptionHandler
2018-06-12 13:50:57.574  INFO 11872 --- [restartedMain] o.s.b.d.a.OptionalLiveReloadServer       : LiveReload server is running on port 35729
2018-06-12 13:50:57.659  INFO 11872 --- [restartedMain] o.s.j.e.a.AnnotationMBeanExporter        : Registering beans for JMX exposure on startup
2018-06-12 13:50:57.660  INFO 11872 --- [restartedMain] o.s.j.e.a.AnnotationMBeanExporter        : Bean with name 'dataSource' has been autodetected for JMX exposure
2018-06-12 13:50:57.670  INFO 11872 --- [restartedMain] o.s.j.e.a.AnnotationMBeanExporter        : Located MBean 'dataSource': registering with JMX server as MBean [com.zaxxer.hikari:name=dataSource,type=HikariDataSource]
2018-06-12 13:50:57.679  INFO 11872 --- [restartedMain] o.s.c.support.DefaultLifecycleProcessor  : Starting beans in phase 0
2018-06-12 13:50:57.810  INFO 11872 --- [restartedMain] b.c.e.u.UndertowEmbeddedServletContainer : Undertow started on port(s) 8080 (http)
2018-06-12 13:51:03.498  INFO 11872 --- [XNIO-2 task-1] io.undertow.servlet                      : Initializing Spring FrameworkServlet 'dispatcherServlet'
2018-06-12 13:51:03.498  INFO 11872 --- [XNIO-2 task-1] o.s.web.servlet.DispatcherServlet        : FrameworkServlet 'dispatcherServlet': initialization started
2018-06-12 13:51:03.516  INFO 11872 --- [XNIO-2 task-1] o.s.web.servlet.DispatcherServlet        : FrameworkServlet 'dispatcherServlet': initialization completed in 18 ms
2018-06-12 13:51:19.773  WARN 11872 --- [XNIO-2 task-4] o.s.s.c.bcrypt.BCryptPasswordEncoder     : Encoded password does not look like BCrypt
2018-06-12 13:52:04.466  INFO 11872 --- [XNIO-2 task-23] c.p.s.controller.LeadController          : Fetching LeadMembership with id 68
2018-06-12 13:52:09.566  INFO 11872 --- [Thread-8] ationConfigEmbeddedWebApplicationContext : Closing org.springframework.boot.context.embedded.AnnotationConfigEmbeddedWebApplicationContext@6bace959: startup date [Tue Jun 12 13:50:47 EDT 2018]; root of context hierarchy
2018-06-12 13:52:09.569  INFO 11872 --- [Thread-8] o.s.c.support.DefaultLifecycleProcessor  : Stopping beans in phase 0
2018-06-12 13:52:09.572  INFO 11872 --- [Thread-8] o.s.j.e.a.AnnotationMBeanExporter        : Unregistering JMX-exposed beans on shutdown
2018-06-12 13:52:09.572  INFO 11872 --- [Thread-8] o.s.j.e.a.AnnotationMBeanExporter        : Unregistering JMX-exposed beans
2018-06-12 13:52:09.574  INFO 11872 --- [Thread-8] o.s.s.concurrent.ThreadPoolTaskExecutor  : Shutting down ExecutorService 'leadManagementExecutor'
2018-06-12 13:52:09.585  INFO 11872 --- [Thread-8] j.LocalContainerEntityManagerFactoryBean : Closing JPA EntityManagerFactory for persistence unit 'default'
2018-06-12 13:52:09.588  INFO 11872 --- [Thread-8] com.zaxxer.hikari.HikariDataSource       : HikariPool-1 - Shutdown initiated...
2018-06-12 13:52:09.618  INFO 11872 --- [Thread-8] com.zaxxer.hikari.HikariDataSource       : HikariPool-1 - Shutdown completed.
2018-06-12 13:52:09.620  INFO 11872 --- [Thread-8] io.undertow.servlet                      : Destroying Spring FrameworkServlet 'dispatcherServlet'
